---------------------------------------------------------------
[ 2018-04-22T18:17:38+08:00 ] 127.0.0.1 GET /admin/category/lst.html
[ info ] b.com/admin/category/lst.html [运行时间：0.089619s][吞吐率：11.16req/s] [内存消耗：2,351.66kb] [文件加载：44]
[ info ] [ LANG ] G:\github\dese002\shop2\thinkphp\lang\zh-cn.php
[ info ] [ ROUTE ] array (
  'type' => 'module',
  'module' => 
  array (
    0 => 'admin',
    1 => 'category',
    2 => 'lst',
  ),
)
[ info ] [ HEADER ] array (
  'host' => 'b.com',
  'user-agent' => 'Mozilla/5.0 (Windows NT 10.0; Win64; x64; rv:59.0) Gecko/20100101 Firefox/59.0',
  'accept' => 'text/html,application/xhtml+xml,application/xml;q=0.9,*/*;q=0.8',
  'accept-language' => 'zh-CN,zh;q=0.8,zh-TW;q=0.7,zh-HK;q=0.5,en-US;q=0.3,en;q=0.2',
  'accept-encoding' => 'gzip, deflate',
  'connection' => 'keep-alive',
  'upgrade-insecure-requests' => '1',
)
[ info ] [ PARAM ] array (
)
[ info ] [ RUN ] app\admin\controller\Category->lst[ G:\github\dese002\shop2\application\admin\controller\Category.php ]
[ info ] [ DB ] INIT mysql
[ info ] [ VIEW ] G:\github\dese002\shop2\public/../application/admin\view\category\list.html [ array (
  0 => 'catelist',
) ]
[ info ] [ LOG ] INIT File
[ sql ] [ DB ] CONNECT:[ UseTime:0.002056s ] mysql:host=127.0.0.1;dbname=tested;charset=utf8
[ sql ] [ SQL ] SHOW COLUMNS FROM `tp_category` [ RunTime:0.016803s ]
[ sql ] [ SQL ] SELECT * FROM `tp_category` ORDER BY `cate_id` DESC [ RunTime:0.000794s ]
---------------------------------------------------------------
[ 2018-04-22T18:17:39+08:00 ] 127.0.0.1 GET /static/admin/fonts/fontawesome-webfont.woff2?v=4.3.0
[ info ] b.com/static/admin/fonts/fontawesome-webfont.woff2?v=4.3.0 [运行时间：0.034653s][吞吐率：28.86req/s] [内存消耗：1,050.16kb] [文件加载：28]
[ info ] [ LANG ] G:\github\dese002\shop2\thinkphp\lang\zh-cn.php
[ info ] [ ROUTE ] array (
  'type' => 'module',
  'module' => 
  array (
    0 => 'static',
    1 => 'admin',
    2 => 'fonts',
  ),
)
[ info ] [ HEADER ] array (
  'host' => 'b.com',
  'user-agent' => 'Mozilla/5.0 (Windows NT 10.0; Win64; x64; rv:59.0) Gecko/20100101 Firefox/59.0',
  'accept' => 'application/font-woff2;q=1.0,application/font-woff;q=0.9,*/*;q=0.8',
  'accept-language' => 'zh-CN,zh;q=0.8,zh-TW;q=0.7,zh-HK;q=0.5,en-US;q=0.3,en;q=0.2',
  'accept-encoding' => 'identity',
  'referer' => 'http://b.com/static/admin/style/font-awesome.css',
  'connection' => 'keep-alive',
)
[ info ] [ PARAM ] array (
  'v' => '4.3.0',
)
[ info ] [ LOG ] INIT File
---------------------------------------------------------------
[ 2018-04-22T18:17:45+08:00 ] 127.0.0.1 GET /admin/category/lst.html
[ info ] b.com/admin/category/lst.html [运行时间：0.075093s][吞吐率：13.32req/s] [内存消耗：2,189.55kb] [文件加载：42]
[ info ] [ LANG ] G:\github\dese002\shop2\thinkphp\lang\zh-cn.php
[ info ] [ ROUTE ] array (
  'type' => 'module',
  'module' => 
  array (
    0 => 'admin',
    1 => 'category',
    2 => 'lst',
  ),
)
[ info ] [ HEADER ] array (
  'host' => 'b.com',
  'user-agent' => 'Mozilla/5.0 (Windows NT 10.0; Win64; x64; rv:59.0) Gecko/20100101 Firefox/59.0',
  'accept' => 'text/html,application/xhtml+xml,application/xml;q=0.9,*/*;q=0.8',
  'accept-language' => 'zh-CN,zh;q=0.8,zh-TW;q=0.7,zh-HK;q=0.5,en-US;q=0.3,en;q=0.2',
  'accept-encoding' => 'gzip, deflate',
  'connection' => 'keep-alive',
  'upgrade-insecure-requests' => '1',
  'pragma' => 'no-cache',
  'cache-control' => 'no-cache',
)
[ info ] [ PARAM ] array (
)
[ info ] [ RUN ] app\admin\controller\Category->lst[ G:\github\dese002\shop2\application\admin\controller\Category.php ]
[ info ] [ DB ] INIT mysql
[ info ] [ VIEW ] G:\github\dese002\shop2\public/../application/admin\view\category\list.html [ array (
  0 => 'catelist',
) ]
[ info ] [ LOG ] INIT File
[ sql ] [ DB ] CONNECT:[ UseTime:0.001362s ] mysql:host=127.0.0.1;dbname=tested;charset=utf8
[ sql ] [ SQL ] SHOW COLUMNS FROM `tp_category` [ RunTime:0.014186s ]
[ sql ] [ SQL ] SELECT * FROM `tp_category` ORDER BY `cate_id` DESC [ RunTime:0.000572s ]
---------------------------------------------------------------
[ 2018-04-22T18:17:45+08:00 ] 127.0.0.1 GET /static/admin/fonts/fontawesome-webfont.woff2?v=4.3.0
[ info ] b.com/static/admin/fonts/fontawesome-webfont.woff2?v=4.3.0 [运行时间：0.039222s][吞吐率：25.50req/s] [内存消耗：1,050.66kb] [文件加载：28]
[ info ] [ LANG ] G:\github\dese002\shop2\thinkphp\lang\zh-cn.php
[ info ] [ ROUTE ] array (
  'type' => 'module',
  'module' => 
  array (
    0 => 'static',
    1 => 'admin',
    2 => 'fonts',
  ),
)
[ info ] [ HEADER ] array (
  'host' => 'b.com',
  'user-agent' => 'Mozilla/5.0 (Windows NT 10.0; Win64; x64; rv:59.0) Gecko/20100101 Firefox/59.0',
  'accept' => 'application/font-woff2;q=1.0,application/font-woff;q=0.9,*/*;q=0.8',
  'accept-language' => 'zh-CN,zh;q=0.8,zh-TW;q=0.7,zh-HK;q=0.5,en-US;q=0.3,en;q=0.2',
  'accept-encoding' => 'identity',
  'referer' => 'http://b.com/static/admin/style/font-awesome.css',
  'connection' => 'keep-alive',
  'pragma' => 'no-cache',
  'cache-control' => 'no-cache',
)
[ info ] [ PARAM ] array (
  'v' => '4.3.0',
)
[ info ] [ LOG ] INIT File
---------------------------------------------------------------
[ 2018-04-22T18:17:53+08:00 ] 127.0.0.1 GET /download
[ info ] b.com/download [运行时间：0.029944s][吞吐率：33.40req/s] [内存消耗：1,049.57kb] [文件加载：28]
[ info ] [ LANG ] G:\github\dese002\shop2\thinkphp\lang\zh-cn.php
[ info ] [ ROUTE ] array (
  'type' => 'module',
  'module' => 
  array (
    0 => 'download',
    1 => NULL,
    2 => NULL,
  ),
)
[ info ] [ HEADER ] array (
  'host' => 'b.com',
  'user-agent' => 'Mozilla/5.0 (Windows NT 10.0; Win64; x64; rv:59.0) Gecko/20100101 Firefox/59.0',
  'accept' => 'text/html,application/xhtml+xml,application/xml;q=0.9,*/*;q=0.8',
  'accept-language' => 'zh-CN,zh;q=0.8,zh-TW;q=0.7,zh-HK;q=0.5,en-US;q=0.3,en;q=0.2',
  'accept-encoding' => 'gzip, deflate',
  'connection' => 'keep-alive',
  'upgrade-insecure-requests' => '1',
)
[ info ] [ PARAM ] array (
)
[ info ] [ LOG ] INIT File
