---------------------------------------------------------------
[ 2018-04-23T23:44:28+08:00 ] 127.0.0.1 GET /admin/category/lst.html
[ info ] a.com/admin/category/lst.html [运行时间：0.030000s][吞吐率：33.33req/s] [内存消耗：2,149.48kb] [文件加载：43]
[ info ] [ LANG ] C:\dese001\shop2\thinkphp\lang\zh-cn.php
[ info ] [ ROUTE ] array (
  'type' => 'module',
  'module' => 
  array (
    0 => 'admin',
    1 => 'category',
    2 => 'lst',
  ),
)
[ info ] [ HEADER ] array (
  'host' => 'a.com',
  'user-agent' => 'Mozilla/5.0 (Windows NT 6.1; Win64; x64; rv:59.0) Gecko/20100101 Firefox/59.0',
  'accept' => 'text/html,application/xhtml+xml,application/xml;q=0.9,*/*;q=0.8',
  'accept-language' => 'zh-CN,zh;q=0.8,zh-TW;q=0.7,zh-HK;q=0.5,en-US;q=0.3,en;q=0.2',
  'accept-encoding' => 'gzip, deflate',
  'referer' => 'http://a.com/admin/category/add.html',
  'cookie' => 'pgv_pvi=8102862848; pgv_si=s6576651264',
  'connection' => 'keep-alive',
  'upgrade-insecure-requests' => '1',
  'cache-control' => 'max-age=0',
)
[ info ] [ PARAM ] array (
)
[ info ] [ RUN ] app\admin\controller\Category->lst[ C:\dese001\shop2\application\admin\controller\Category.php ]
[ info ] [ DB ] INIT mysql
[ info ] [ LOG ] INIT File
[ sql ] [ DB ] CONNECT:[ UseTime:0.000000s ] mysql:host=127.0.0.1;dbname=tested;charset=utf8
[ sql ] [ SQL ] SHOW COLUMNS FROM `tp_category` [ RunTime:0.000000s ]
[ sql ] [ SQL ] SELECT * FROM `tp_category` [ RunTime:0.000000s ]
[ error ] [1]Class 'categorytree\Categorytree' not found[C:\dese001\shop2\application\admin\controller\Category.php:12]
---------------------------------------------------------------
[ 2018-04-23T23:47:27+08:00 ] 127.0.0.1 GET /admin/category/lst.html
[ info ] a.com/admin/category/lst.html [运行时间：0.045000s][吞吐率：22.22req/s] [内存消耗：2,155.82kb] [文件加载：44]
[ info ] [ LANG ] C:\dese001\shop2\thinkphp\lang\zh-cn.php
[ info ] [ ROUTE ] array (
  'type' => 'module',
  'module' => 
  array (
    0 => 'admin',
    1 => 'category',
    2 => 'lst',
  ),
)
[ info ] [ HEADER ] array (
  'host' => 'a.com',
  'user-agent' => 'Mozilla/5.0 (Windows NT 6.1; Win64; x64; rv:59.0) Gecko/20100101 Firefox/59.0',
  'accept' => 'text/html,application/xhtml+xml,application/xml;q=0.9,*/*;q=0.8',
  'accept-language' => 'zh-CN,zh;q=0.8,zh-TW;q=0.7,zh-HK;q=0.5,en-US;q=0.3,en;q=0.2',
  'accept-encoding' => 'gzip, deflate',
  'referer' => 'http://a.com/admin/category/add.html',
  'cookie' => 'pgv_pvi=8102862848; pgv_si=s6576651264',
  'connection' => 'keep-alive',
  'upgrade-insecure-requests' => '1',
  'cache-control' => 'max-age=0',
)
[ info ] [ PARAM ] array (
)
[ info ] [ RUN ] app\admin\controller\Category->lst[ C:\dese001\shop2\application\admin\controller\Category.php ]
[ info ] [ DB ] INIT mysql
[ info ] [ LOG ] INIT File
[ sql ] [ DB ] CONNECT:[ UseTime:0.010000s ] mysql:host=127.0.0.1;dbname=tested;charset=utf8
[ sql ] [ SQL ] SHOW COLUMNS FROM `tp_category` [ RunTime:0.000000s ]
[ sql ] [ SQL ] SELECT * FROM `tp_category` [ RunTime:0.000000s ]
[ error ] [1]Call to undefined method categorytree\Categorytree::sort()[C:\dese001\shop2\extend\categorytree\Categorytree.php:8]
---------------------------------------------------------------
[ 2018-04-23T23:50:03+08:00 ] 127.0.0.1 GET /admin/category/lst.html
[ info ] a.com/admin/category/lst.html [运行时间：0.035000s][吞吐率：28.57req/s] [内存消耗：2,155.81kb] [文件加载：44]
[ info ] [ LANG ] C:\dese001\shop2\thinkphp\lang\zh-cn.php
[ info ] [ ROUTE ] array (
  'type' => 'module',
  'module' => 
  array (
    0 => 'admin',
    1 => 'category',
    2 => 'lst',
  ),
)
[ info ] [ HEADER ] array (
  'host' => 'a.com',
  'user-agent' => 'Mozilla/5.0 (Windows NT 6.1; Win64; x64; rv:59.0) Gecko/20100101 Firefox/59.0',
  'accept' => 'text/html,application/xhtml+xml,application/xml;q=0.9,*/*;q=0.8',
  'accept-language' => 'zh-CN,zh;q=0.8,zh-TW;q=0.7,zh-HK;q=0.5,en-US;q=0.3,en;q=0.2',
  'accept-encoding' => 'gzip, deflate',
  'referer' => 'http://a.com/admin/category/add.html',
  'cookie' => 'pgv_pvi=8102862848; pgv_si=s6576651264',
  'connection' => 'keep-alive',
  'upgrade-insecure-requests' => '1',
  'cache-control' => 'max-age=0',
)
[ info ] [ PARAM ] array (
)
[ info ] [ RUN ] app\admin\controller\Category->lst[ C:\dese001\shop2\application\admin\controller\Category.php ]
[ info ] [ DB ] INIT mysql
[ info ] [ LOG ] INIT File
[ sql ] [ DB ] CONNECT:[ UseTime:0.010000s ] mysql:host=127.0.0.1;dbname=tested;charset=utf8
[ sql ] [ SQL ] SHOW COLUMNS FROM `tp_category` [ RunTime:0.000000s ]
[ sql ] [ SQL ] SELECT * FROM `tp_category` [ RunTime:0.000000s ]
[ error ] [1]Call to undefined method categorytree\Categorytree::sort()[C:\dese001\shop2\extend\categorytree\Categorytree.php:8]
---------------------------------------------------------------
[ 2018-04-23T23:50:04+08:00 ] 127.0.0.1 GET /admin/category/lst.html
[ info ] a.com/admin/category/lst.html [运行时间：0.035000s][吞吐率：28.57req/s] [内存消耗：2,155.81kb] [文件加载：44]
[ info ] [ LANG ] C:\dese001\shop2\thinkphp\lang\zh-cn.php
[ info ] [ ROUTE ] array (
  'type' => 'module',
  'module' => 
  array (
    0 => 'admin',
    1 => 'category',
    2 => 'lst',
  ),
)
[ info ] [ HEADER ] array (
  'host' => 'a.com',
  'user-agent' => 'Mozilla/5.0 (Windows NT 6.1; Win64; x64; rv:59.0) Gecko/20100101 Firefox/59.0',
  'accept' => 'text/html,application/xhtml+xml,application/xml;q=0.9,*/*;q=0.8',
  'accept-language' => 'zh-CN,zh;q=0.8,zh-TW;q=0.7,zh-HK;q=0.5,en-US;q=0.3,en;q=0.2',
  'accept-encoding' => 'gzip, deflate',
  'referer' => 'http://a.com/admin/category/add.html',
  'cookie' => 'pgv_pvi=8102862848; pgv_si=s6576651264',
  'connection' => 'keep-alive',
  'upgrade-insecure-requests' => '1',
  'cache-control' => 'max-age=0',
)
[ info ] [ PARAM ] array (
)
[ info ] [ RUN ] app\admin\controller\Category->lst[ C:\dese001\shop2\application\admin\controller\Category.php ]
[ info ] [ DB ] INIT mysql
[ info ] [ LOG ] INIT File
[ sql ] [ DB ] CONNECT:[ UseTime:0.010000s ] mysql:host=127.0.0.1;dbname=tested;charset=utf8
[ sql ] [ SQL ] SHOW COLUMNS FROM `tp_category` [ RunTime:0.000000s ]
[ sql ] [ SQL ] SELECT * FROM `tp_category` [ RunTime:0.000000s ]
[ error ] [1]Call to undefined method categorytree\Categorytree::sort()[C:\dese001\shop2\extend\categorytree\Categorytree.php:8]
---------------------------------------------------------------
[ 2018-04-23T23:51:19+08:00 ] 127.0.0.1 GET /admin/category/lst.html
[ info ] a.com/admin/category/lst.html [运行时间：0.035000s][吞吐率：28.57req/s] [内存消耗：2,155.66kb] [文件加载：44]
[ info ] [ LANG ] C:\dese001\shop2\thinkphp\lang\zh-cn.php
[ info ] [ ROUTE ] array (
  'type' => 'module',
  'module' => 
  array (
    0 => 'admin',
    1 => 'category',
    2 => 'lst',
  ),
)
[ info ] [ HEADER ] array (
  'host' => 'a.com',
  'user-agent' => 'Mozilla/5.0 (Windows NT 6.1; Win64; x64; rv:59.0) Gecko/20100101 Firefox/59.0',
  'accept' => 'text/html,application/xhtml+xml,application/xml;q=0.9,*/*;q=0.8',
  'accept-language' => 'zh-CN,zh;q=0.8,zh-TW;q=0.7,zh-HK;q=0.5,en-US;q=0.3,en;q=0.2',
  'accept-encoding' => 'gzip, deflate',
  'referer' => 'http://a.com/admin/category/add.html',
  'cookie' => 'pgv_pvi=8102862848; pgv_si=s6576651264',
  'connection' => 'keep-alive',
  'upgrade-insecure-requests' => '1',
)
[ info ] [ PARAM ] array (
)
[ info ] [ RUN ] app\admin\controller\Category->lst[ C:\dese001\shop2\application\admin\controller\Category.php ]
[ info ] [ DB ] INIT mysql
[ info ] [ LOG ] INIT File
[ sql ] [ DB ] CONNECT:[ UseTime:0.010000s ] mysql:host=127.0.0.1;dbname=tested;charset=utf8
[ sql ] [ SQL ] SHOW COLUMNS FROM `tp_category` [ RunTime:0.000000s ]
[ sql ] [ SQL ] SELECT * FROM `tp_category` [ RunTime:0.000000s ]
[ error ] [1]Call to undefined method categorytree\Categorytree::sort()[C:\dese001\shop2\extend\categorytree\Categorytree.php:8]
---------------------------------------------------------------
[ 2018-04-23T23:51:21+08:00 ] 127.0.0.1 GET /admin/category/lst.html
[ info ] a.com/admin/category/lst.html [运行时间：0.030000s][吞吐率：33.33req/s] [内存消耗：2,155.35kb] [文件加载：44]
[ info ] [ LANG ] C:\dese001\shop2\thinkphp\lang\zh-cn.php
[ info ] [ ROUTE ] array (
  'type' => 'module',
  'module' => 
  array (
    0 => 'admin',
    1 => 'category',
    2 => 'lst',
  ),
)
[ info ] [ HEADER ] array (
  'host' => 'a.com',
  'user-agent' => 'Mozilla/5.0 (Windows NT 6.1; Win64; x64; rv:59.0) Gecko/20100101 Firefox/59.0',
  'accept' => 'text/html,application/xhtml+xml,application/xml;q=0.9,*/*;q=0.8',
  'accept-language' => 'zh-CN,zh;q=0.8,zh-TW;q=0.7,zh-HK;q=0.5,en-US;q=0.3,en;q=0.2',
  'accept-encoding' => 'gzip, deflate',
  'cookie' => 'pgv_pvi=8102862848; pgv_si=s6576651264',
  'connection' => 'keep-alive',
  'upgrade-insecure-requests' => '1',
)
[ info ] [ PARAM ] array (
)
[ info ] [ RUN ] app\admin\controller\Category->lst[ C:\dese001\shop2\application\admin\controller\Category.php ]
[ info ] [ DB ] INIT mysql
[ info ] [ LOG ] INIT File
[ sql ] [ DB ] CONNECT:[ UseTime:0.005000s ] mysql:host=127.0.0.1;dbname=tested;charset=utf8
[ sql ] [ SQL ] SHOW COLUMNS FROM `tp_category` [ RunTime:0.000000s ]
[ sql ] [ SQL ] SELECT * FROM `tp_category` [ RunTime:0.000000s ]
[ error ] [1]Call to undefined method categorytree\Categorytree::sort()[C:\dese001\shop2\extend\categorytree\Categorytree.php:8]
---------------------------------------------------------------
[ 2018-04-23T23:51:24+08:00 ] 127.0.0.1 GET /admin/category
[ info ] a.com/admin/category [运行时间：0.020000s][吞吐率：50.00req/s] [内存消耗：1,345.47kb] [文件加载：35]
[ info ] [ LANG ] C:\dese001\shop2\thinkphp\lang\zh-cn.php
[ info ] [ ROUTE ] array (
  'type' => 'module',
  'module' => 
  array (
    0 => 'admin',
    1 => 'category',
    2 => NULL,
  ),
)
[ info ] [ HEADER ] array (
  'host' => 'a.com',
  'user-agent' => 'Mozilla/5.0 (Windows NT 6.1; Win64; x64; rv:59.0) Gecko/20100101 Firefox/59.0',
  'accept' => 'text/html,application/xhtml+xml,application/xml;q=0.9,*/*;q=0.8',
  'accept-language' => 'zh-CN,zh;q=0.8,zh-TW;q=0.7,zh-HK;q=0.5,en-US;q=0.3,en;q=0.2',
  'accept-encoding' => 'gzip, deflate',
  'cookie' => 'pgv_pvi=8102862848; pgv_si=s6576651264',
  'connection' => 'keep-alive',
  'upgrade-insecure-requests' => '1',
)
[ info ] [ PARAM ] array (
)
[ info ] [ LOG ] INIT File
---------------------------------------------------------------
[ 2018-04-23T23:51:31+08:00 ] 127.0.0.1 GET /admin/category/lst.html
[ info ] a.com/admin/category/lst.html [运行时间：0.030000s][吞吐率：33.33req/s] [内存消耗：2,155.58kb] [文件加载：44]
[ info ] [ LANG ] C:\dese001\shop2\thinkphp\lang\zh-cn.php
[ info ] [ ROUTE ] array (
  'type' => 'module',
  'module' => 
  array (
    0 => 'admin',
    1 => 'category',
    2 => 'lst',
  ),
)
[ info ] [ HEADER ] array (
  'host' => 'a.com',
  'user-agent' => 'Mozilla/5.0 (Windows NT 6.1; Win64; x64; rv:59.0) Gecko/20100101 Firefox/59.0',
  'accept' => 'text/html,application/xhtml+xml,application/xml;q=0.9,*/*;q=0.8',
  'accept-language' => 'zh-CN,zh;q=0.8,zh-TW;q=0.7,zh-HK;q=0.5,en-US;q=0.3,en;q=0.2',
  'accept-encoding' => 'gzip, deflate',
  'cookie' => 'pgv_pvi=8102862848; pgv_si=s6576651264',
  'connection' => 'keep-alive',
  'upgrade-insecure-requests' => '1',
  'cache-control' => 'max-age=0',
)
[ info ] [ PARAM ] array (
)
[ info ] [ RUN ] app\admin\controller\Category->lst[ C:\dese001\shop2\application\admin\controller\Category.php ]
[ info ] [ DB ] INIT mysql
[ info ] [ LOG ] INIT File
[ sql ] [ DB ] CONNECT:[ UseTime:0.000000s ] mysql:host=127.0.0.1;dbname=tested;charset=utf8
[ sql ] [ SQL ] SHOW COLUMNS FROM `tp_category` [ RunTime:0.000000s ]
[ sql ] [ SQL ] SELECT * FROM `tp_category` [ RunTime:0.000000s ]
[ error ] [1]Call to undefined method categorytree\Categorytree::sort()[C:\dese001\shop2\extend\categorytree\Categorytree.php:8]
---------------------------------------------------------------
[ 2018-04-23T23:51:59+08:00 ] 127.0.0.1 GET /admin/category/lst.html
[ info ] a.com/admin/category/lst.html [运行时间：0.040000s][吞吐率：25.00req/s] [内存消耗：2,155.58kb] [文件加载：44]
[ info ] [ LANG ] C:\dese001\shop2\thinkphp\lang\zh-cn.php
[ info ] [ ROUTE ] array (
  'type' => 'module',
  'module' => 
  array (
    0 => 'admin',
    1 => 'category',
    2 => 'lst',
  ),
)
[ info ] [ HEADER ] array (
  'host' => 'a.com',
  'user-agent' => 'Mozilla/5.0 (Windows NT 6.1; Win64; x64; rv:59.0) Gecko/20100101 Firefox/59.0',
  'accept' => 'text/html,application/xhtml+xml,application/xml;q=0.9,*/*;q=0.8',
  'accept-language' => 'zh-CN,zh;q=0.8,zh-TW;q=0.7,zh-HK;q=0.5,en-US;q=0.3,en;q=0.2',
  'accept-encoding' => 'gzip, deflate',
  'cookie' => 'pgv_pvi=8102862848; pgv_si=s6576651264',
  'connection' => 'keep-alive',
  'upgrade-insecure-requests' => '1',
  'cache-control' => 'max-age=0',
)
[ info ] [ PARAM ] array (
)
[ info ] [ RUN ] app\admin\controller\Category->lst[ C:\dese001\shop2\application\admin\controller\Category.php ]
[ info ] [ DB ] INIT mysql
[ info ] [ LOG ] INIT File
[ sql ] [ DB ] CONNECT:[ UseTime:0.010000s ] mysql:host=127.0.0.1;dbname=tested;charset=utf8
[ sql ] [ SQL ] SHOW COLUMNS FROM `tp_category` [ RunTime:0.000000s ]
[ sql ] [ SQL ] SELECT * FROM `tp_category` [ RunTime:0.000000s ]
[ error ] [1]Call to undefined method categorytree\Categorytree::sort()[C:\dese001\shop2\extend\categorytree\Categorytree.php:8]
---------------------------------------------------------------
[ 2018-04-23T23:52:36+08:00 ] 127.0.0.1 GET /admin/category/lst.html
[ info ] a.com/admin/category/lst.html [运行时间：0.045000s][吞吐率：22.22req/s] [内存消耗：2,384.13kb] [文件加载：49]
[ info ] [ LANG ] C:\dese001\shop2\thinkphp\lang\zh-cn.php
[ info ] [ ROUTE ] array (
  'type' => 'module',
  'module' => 
  array (
    0 => 'admin',
    1 => 'category',
    2 => 'lst',
  ),
)
[ info ] [ HEADER ] array (
  'host' => 'a.com',
  'user-agent' => 'Mozilla/5.0 (Windows NT 6.1; Win64; x64; rv:59.0) Gecko/20100101 Firefox/59.0',
  'accept' => 'text/html,application/xhtml+xml,application/xml;q=0.9,*/*;q=0.8',
  'accept-language' => 'zh-CN,zh;q=0.8,zh-TW;q=0.7,zh-HK;q=0.5,en-US;q=0.3,en;q=0.2',
  'accept-encoding' => 'gzip, deflate',
  'cookie' => 'pgv_pvi=8102862848; pgv_si=s6576651264',
  'connection' => 'keep-alive',
  'upgrade-insecure-requests' => '1',
  'cache-control' => 'max-age=0',
)
[ info ] [ PARAM ] array (
)
[ info ] [ RUN ] app\admin\controller\Category->lst[ C:\dese001\shop2\application\admin\controller\Category.php ]
[ info ] [ DB ] INIT mysql
[ info ] [ VIEW ] C:\dese001\shop2\public/../application/admin\view\category\list.html [ array (
  0 => 'catelist',
) ]
[ info ] [ LOG ] INIT File
[ sql ] [ DB ] CONNECT:[ UseTime:0.010000s ] mysql:host=127.0.0.1;dbname=tested;charset=utf8
[ sql ] [ SQL ] SHOW COLUMNS FROM `tp_category` [ RunTime:0.000000s ]
[ sql ] [ SQL ] SELECT * FROM `tp_category` [ RunTime:0.000000s ]
[ error ] [8]未定义变量: categoryd[C:\dese001\shop2\runtime\temp\016e68be3aa7b603ba73fef20693c6e0.php:213]
---------------------------------------------------------------
[ 2018-04-23T23:53:28+08:00 ] 127.0.0.1 GET /admin/category/lst.html
[ info ] a.com/admin/category/lst.html [运行时间：0.045000s][吞吐率：22.22req/s] [内存消耗：2,369.18kb] [文件加载：45]
[ info ] [ LANG ] C:\dese001\shop2\thinkphp\lang\zh-cn.php
[ info ] [ ROUTE ] array (
  'type' => 'module',
  'module' => 
  array (
    0 => 'admin',
    1 => 'category',
    2 => 'lst',
  ),
)
[ info ] [ HEADER ] array (
  'host' => 'a.com',
  'user-agent' => 'Mozilla/5.0 (Windows NT 6.1; Win64; x64; rv:59.0) Gecko/20100101 Firefox/59.0',
  'accept' => 'text/html,application/xhtml+xml,application/xml;q=0.9,*/*;q=0.8',
  'accept-language' => 'zh-CN,zh;q=0.8,zh-TW;q=0.7,zh-HK;q=0.5,en-US;q=0.3,en;q=0.2',
  'accept-encoding' => 'gzip, deflate',
  'cookie' => 'pgv_pvi=8102862848; pgv_si=s6576651264',
  'connection' => 'keep-alive',
  'upgrade-insecure-requests' => '1',
  'cache-control' => 'max-age=0',
)
[ info ] [ PARAM ] array (
)
[ info ] [ RUN ] app\admin\controller\Category->lst[ C:\dese001\shop2\application\admin\controller\Category.php ]
[ info ] [ DB ] INIT mysql
[ info ] [ VIEW ] C:\dese001\shop2\public/../application/admin\view\category\list.html [ array (
  0 => 'catelist',
) ]
[ info ] [ LOG ] INIT File
[ sql ] [ DB ] CONNECT:[ UseTime:0.010000s ] mysql:host=127.0.0.1;dbname=tested;charset=utf8
[ sql ] [ SQL ] SHOW COLUMNS FROM `tp_category` [ RunTime:0.000000s ]
[ sql ] [ SQL ] SELECT * FROM `tp_category` [ RunTime:0.000000s ]
---------------------------------------------------------------
[ 2018-04-23T23:53:28+08:00 ] 127.0.0.1 GET /static/admin/fonts/fontawesome-webfont.woff2?v=4.3.0
[ info ] a.com/static/admin/fonts/fontawesome-webfont.woff2?v=4.3.0 [运行时间：0.020000s][吞吐率：50.00req/s] [内存消耗：1,050.00kb] [文件加载：28]
[ info ] [ LANG ] C:\dese001\shop2\thinkphp\lang\zh-cn.php
[ info ] [ ROUTE ] array (
  'type' => 'module',
  'module' => 
  array (
    0 => 'static',
    1 => 'admin',
    2 => 'fonts',
  ),
)
[ info ] [ HEADER ] array (
  'host' => 'a.com',
  'user-agent' => 'Mozilla/5.0 (Windows NT 6.1; Win64; x64; rv:59.0) Gecko/20100101 Firefox/59.0',
  'accept' => 'application/font-woff2;q=1.0,application/font-woff;q=0.9,*/*;q=0.8',
  'accept-language' => 'zh-CN,zh;q=0.8,zh-TW;q=0.7,zh-HK;q=0.5,en-US;q=0.3,en;q=0.2',
  'accept-encoding' => 'identity',
  'referer' => 'http://a.com/static/admin/style/font-awesome.css',
  'cookie' => 'pgv_pvi=8102862848; pgv_si=s6576651264',
  'connection' => 'keep-alive',
  'cache-control' => 'max-age=0',
)
[ info ] [ PARAM ] array (
  'v' => '4.3.0',
)
[ info ] [ LOG ] INIT File
---------------------------------------------------------------
[ 2018-04-23T23:53:49+08:00 ] 127.0.0.1 GET /admin/category/add.html
[ info ] a.com/admin/category/add.html [运行时间：0.040000s][吞吐率：25.00req/s] [内存消耗：2,345.54kb] [文件加载：45]
[ info ] [ LANG ] C:\dese001\shop2\thinkphp\lang\zh-cn.php
[ info ] [ ROUTE ] array (
  'type' => 'module',
  'module' => 
  array (
    0 => 'admin',
    1 => 'category',
    2 => 'add',
  ),
)
[ info ] [ HEADER ] array (
  'host' => 'a.com',
  'user-agent' => 'Mozilla/5.0 (Windows NT 6.1; Win64; x64; rv:59.0) Gecko/20100101 Firefox/59.0',
  'accept' => 'text/html,application/xhtml+xml,application/xml;q=0.9,*/*;q=0.8',
  'accept-language' => 'zh-CN,zh;q=0.8,zh-TW;q=0.7,zh-HK;q=0.5,en-US;q=0.3,en;q=0.2',
  'accept-encoding' => 'gzip, deflate',
  'referer' => 'http://a.com/admin/category/lst.html',
  'cookie' => 'pgv_pvi=8102862848; pgv_si=s6576651264',
  'connection' => 'keep-alive',
  'upgrade-insecure-requests' => '1',
)
[ info ] [ PARAM ] array (
)
[ info ] [ RUN ] app\admin\controller\Category->add[ C:\dese001\shop2\application\admin\controller\Category.php ]
[ info ] [ DB ] INIT mysql
[ info ] [ VIEW ] C:\dese001\shop2\public/../application/admin\view\category\add.html [ array (
  0 => 'catelist',
) ]
[ info ] [ LOG ] INIT File
[ sql ] [ DB ] CONNECT:[ UseTime:0.010000s ] mysql:host=127.0.0.1;dbname=tested;charset=utf8
[ sql ] [ SQL ] SHOW COLUMNS FROM `tp_category` [ RunTime:0.000000s ]
[ sql ] [ SQL ] SELECT * FROM `tp_category` [ RunTime:0.000000s ]
---------------------------------------------------------------
[ 2018-04-23T23:53:49+08:00 ] 127.0.0.1 GET /static/admin/fonts/fontawesome-webfont.woff2?v=4.3.0
[ info ] a.com/static/admin/fonts/fontawesome-webfont.woff2?v=4.3.0 [运行时间：0.015000s][吞吐率：66.67req/s] [内存消耗：1,049.78kb] [文件加载：28]
[ info ] [ LANG ] C:\dese001\shop2\thinkphp\lang\zh-cn.php
[ info ] [ ROUTE ] array (
  'type' => 'module',
  'module' => 
  array (
    0 => 'static',
    1 => 'admin',
    2 => 'fonts',
  ),
)
[ info ] [ HEADER ] array (
  'host' => 'a.com',
  'user-agent' => 'Mozilla/5.0 (Windows NT 6.1; Win64; x64; rv:59.0) Gecko/20100101 Firefox/59.0',
  'accept' => 'application/font-woff2;q=1.0,application/font-woff;q=0.9,*/*;q=0.8',
  'accept-language' => 'zh-CN,zh;q=0.8,zh-TW;q=0.7,zh-HK;q=0.5,en-US;q=0.3,en;q=0.2',
  'accept-encoding' => 'identity',
  'referer' => 'http://a.com/static/admin/style/font-awesome.css',
  'cookie' => 'pgv_pvi=8102862848; pgv_si=s6576651264',
  'connection' => 'keep-alive',
)
[ info ] [ PARAM ] array (
  'v' => '4.3.0',
)
[ info ] [ LOG ] INIT File
---------------------------------------------------------------
[ 2018-04-23T23:54:15+08:00 ] 127.0.0.1 GET /admin/category/add.html
[ info ] a.com/admin/category/add.html [运行时间：0.045000s][吞吐率：22.22req/s] [内存消耗：2,391.29kb] [文件加载：49]
[ info ] [ LANG ] C:\dese001\shop2\thinkphp\lang\zh-cn.php
[ info ] [ ROUTE ] array (
  'type' => 'module',
  'module' => 
  array (
    0 => 'admin',
    1 => 'category',
    2 => 'add',
  ),
)
[ info ] [ HEADER ] array (
  'host' => 'a.com',
  'user-agent' => 'Mozilla/5.0 (Windows NT 6.1; Win64; x64; rv:59.0) Gecko/20100101 Firefox/59.0',
  'accept' => 'text/html,application/xhtml+xml,application/xml;q=0.9,*/*;q=0.8',
  'accept-language' => 'zh-CN,zh;q=0.8,zh-TW;q=0.7,zh-HK;q=0.5,en-US;q=0.3,en;q=0.2',
  'accept-encoding' => 'gzip, deflate',
  'referer' => 'http://a.com/admin/category/lst.html',
  'cookie' => 'pgv_pvi=8102862848; pgv_si=s6576651264',
  'connection' => 'keep-alive',
  'upgrade-insecure-requests' => '1',
  'cache-control' => 'max-age=0',
)
[ info ] [ PARAM ] array (
)
[ info ] [ RUN ] app\admin\controller\Category->add[ C:\dese001\shop2\application\admin\controller\Category.php ]
[ info ] [ DB ] INIT mysql
[ info ] [ VIEW ] C:\dese001\shop2\public/../application/admin\view\category\add.html [ array (
  0 => 'catelist',
) ]
[ info ] [ LOG ] INIT File
[ sql ] [ DB ] CONNECT:[ UseTime:0.010000s ] mysql:host=127.0.0.1;dbname=tested;charset=utf8
[ sql ] [ SQL ] SHOW COLUMNS FROM `tp_category` [ RunTime:0.000000s ]
[ sql ] [ SQL ] SELECT * FROM `tp_category` [ RunTime:0.000000s ]
[ error ] [8]未定义变量: category[C:\dese001\shop2\runtime\temp\817c5daac06607d212716f617d18df0a.php:206]
---------------------------------------------------------------
[ 2018-04-23T23:54:49+08:00 ] 127.0.0.1 GET /admin/category/add.html
[ info ] a.com/admin/category/add.html [运行时间：0.045000s][吞吐率：22.22req/s] [内存消耗：2,345.73kb] [文件加载：45]
[ info ] [ LANG ] C:\dese001\shop2\thinkphp\lang\zh-cn.php
[ info ] [ ROUTE ] array (
  'type' => 'module',
  'module' => 
  array (
    0 => 'admin',
    1 => 'category',
    2 => 'add',
  ),
)
[ info ] [ HEADER ] array (
  'host' => 'a.com',
  'user-agent' => 'Mozilla/5.0 (Windows NT 6.1; Win64; x64; rv:59.0) Gecko/20100101 Firefox/59.0',
  'accept' => 'text/html,application/xhtml+xml,application/xml;q=0.9,*/*;q=0.8',
  'accept-language' => 'zh-CN,zh;q=0.8,zh-TW;q=0.7,zh-HK;q=0.5,en-US;q=0.3,en;q=0.2',
  'accept-encoding' => 'gzip, deflate',
  'referer' => 'http://a.com/admin/category/lst.html',
  'cookie' => 'pgv_pvi=8102862848; pgv_si=s6576651264',
  'connection' => 'keep-alive',
  'upgrade-insecure-requests' => '1',
  'cache-control' => 'max-age=0',
)
[ info ] [ PARAM ] array (
)
[ info ] [ RUN ] app\admin\controller\Category->add[ C:\dese001\shop2\application\admin\controller\Category.php ]
[ info ] [ DB ] INIT mysql
[ info ] [ VIEW ] C:\dese001\shop2\public/../application/admin\view\category\add.html [ array (
  0 => 'catelist',
) ]
[ info ] [ LOG ] INIT File
[ sql ] [ DB ] CONNECT:[ UseTime:0.010000s ] mysql:host=127.0.0.1;dbname=tested;charset=utf8
[ sql ] [ SQL ] SHOW COLUMNS FROM `tp_category` [ RunTime:0.000000s ]
[ sql ] [ SQL ] SELECT * FROM `tp_category` [ RunTime:0.000000s ]
---------------------------------------------------------------
[ 2018-04-23T23:54:49+08:00 ] 127.0.0.1 GET /static/admin/fonts/fontawesome-webfont.woff2?v=4.3.0
[ info ] a.com/static/admin/fonts/fontawesome-webfont.woff2?v=4.3.0 [运行时间：0.018000s][吞吐率：55.56req/s] [内存消耗：1,050.00kb] [文件加载：28]
[ info ] [ LANG ] C:\dese001\shop2\thinkphp\lang\zh-cn.php
[ info ] [ ROUTE ] array (
  'type' => 'module',
  'module' => 
  array (
    0 => 'static',
    1 => 'admin',
    2 => 'fonts',
  ),
)
[ info ] [ HEADER ] array (
  'host' => 'a.com',
  'user-agent' => 'Mozilla/5.0 (Windows NT 6.1; Win64; x64; rv:59.0) Gecko/20100101 Firefox/59.0',
  'accept' => 'application/font-woff2;q=1.0,application/font-woff;q=0.9,*/*;q=0.8',
  'accept-language' => 'zh-CN,zh;q=0.8,zh-TW;q=0.7,zh-HK;q=0.5,en-US;q=0.3,en;q=0.2',
  'accept-encoding' => 'identity',
  'referer' => 'http://a.com/static/admin/style/font-awesome.css',
  'cookie' => 'pgv_pvi=8102862848; pgv_si=s6576651264',
  'connection' => 'keep-alive',
  'cache-control' => 'max-age=0',
)
[ info ] [ PARAM ] array (
  'v' => '4.3.0',
)
[ info ] [ LOG ] INIT File
---------------------------------------------------------------
[ 2018-04-23T23:55:02+08:00 ] 127.0.0.1 GET /admin/category/lst.html
[ info ] a.com/admin/category/lst.html [运行时间：0.035000s][吞吐率：28.57req/s] [内存消耗：2,200.46kb] [文件加载：43]
[ info ] [ LANG ] C:\dese001\shop2\thinkphp\lang\zh-cn.php
[ info ] [ ROUTE ] array (
  'type' => 'module',
  'module' => 
  array (
    0 => 'admin',
    1 => 'category',
    2 => 'lst',
  ),
)
[ info ] [ HEADER ] array (
  'host' => 'a.com',
  'user-agent' => 'Mozilla/5.0 (Windows NT 6.1; Win64; x64; rv:59.0) Gecko/20100101 Firefox/59.0',
  'accept' => 'text/html,application/xhtml+xml,application/xml;q=0.9,*/*;q=0.8',
  'accept-language' => 'zh-CN,zh;q=0.8,zh-TW;q=0.7,zh-HK;q=0.5,en-US;q=0.3,en;q=0.2',
  'accept-encoding' => 'gzip, deflate',
  'referer' => 'http://a.com/admin/category/add.html',
  'cookie' => 'pgv_pvi=8102862848; pgv_si=s6576651264',
  'connection' => 'keep-alive',
  'upgrade-insecure-requests' => '1',
)
[ info ] [ PARAM ] array (
)
[ info ] [ RUN ] app\admin\controller\Category->lst[ C:\dese001\shop2\application\admin\controller\Category.php ]
[ info ] [ DB ] INIT mysql
[ info ] [ VIEW ] C:\dese001\shop2\public/../application/admin\view\category\list.html [ array (
  0 => 'catelist',
) ]
[ info ] [ LOG ] INIT File
[ sql ] [ DB ] CONNECT:[ UseTime:0.000000s ] mysql:host=127.0.0.1;dbname=tested;charset=utf8
[ sql ] [ SQL ] SHOW COLUMNS FROM `tp_category` [ RunTime:0.005000s ]
[ sql ] [ SQL ] SELECT * FROM `tp_category` [ RunTime:0.000000s ]
---------------------------------------------------------------
[ 2018-04-23T23:55:02+08:00 ] 127.0.0.1 GET /static/admin/fonts/fontawesome-webfont.woff2?v=4.3.0
[ info ] a.com/static/admin/fonts/fontawesome-webfont.woff2?v=4.3.0 [运行时间：0.020000s][吞吐率：50.00req/s] [内存消耗：1,049.78kb] [文件加载：28]
[ info ] [ LANG ] C:\dese001\shop2\thinkphp\lang\zh-cn.php
[ info ] [ ROUTE ] array (
  'type' => 'module',
  'module' => 
  array (
    0 => 'static',
    1 => 'admin',
    2 => 'fonts',
  ),
)
[ info ] [ HEADER ] array (
  'host' => 'a.com',
  'user-agent' => 'Mozilla/5.0 (Windows NT 6.1; Win64; x64; rv:59.0) Gecko/20100101 Firefox/59.0',
  'accept' => 'application/font-woff2;q=1.0,application/font-woff;q=0.9,*/*;q=0.8',
  'accept-language' => 'zh-CN,zh;q=0.8,zh-TW;q=0.7,zh-HK;q=0.5,en-US;q=0.3,en;q=0.2',
  'accept-encoding' => 'identity',
  'referer' => 'http://a.com/static/admin/style/font-awesome.css',
  'cookie' => 'pgv_pvi=8102862848; pgv_si=s6576651264',
  'connection' => 'keep-alive',
)
[ info ] [ PARAM ] array (
  'v' => '4.3.0',
)
[ info ] [ LOG ] INIT File
