---------------------------------------------------------------
[ 2018-04-30T07:28:20+08:00 ] 127.0.0.1 GET /admin/arti/imglist.html
[ info ] a.com/admin/arti/imglist.html [运行时间：0.020000s][吞吐率：50.00req/s] [内存消耗：1,281.27kb] [文件加载：31]
[ info ] [ LANG ] C:\dese001\shop2\thinkphp\lang\zh-cn.php
[ info ] [ ROUTE ] array (
  'type' => 'module',
  'module' => 
  array (
    0 => 'admin',
    1 => 'arti',
    2 => 'imglist',
  ),
)
[ info ] [ HEADER ] array (
  'host' => 'a.com',
  'user-agent' => 'Mozilla/5.0 (Windows NT 6.1; Win64; x64; rv:59.0) Gecko/20100101 Firefox/59.0',
  'accept' => 'text/html,application/xhtml+xml,application/xml;q=0.9,*/*;q=0.8',
  'accept-language' => 'zh-CN,zh;q=0.8,zh-TW;q=0.7,zh-HK;q=0.5,en-US;q=0.3,en;q=0.2',
  'accept-encoding' => 'gzip, deflate',
  'cookie' => 'pgv_pvi=6357997568; pgv_si=s3264885760',
  'connection' => 'keep-alive',
  'upgrade-insecure-requests' => '1',
  'cache-control' => 'max-age=0',
)
[ info ] [ PARAM ] array (
)
[ info ] [ RUN ] app\admin\controller\Arti->imglist[ C:\dese001\shop2\application\admin\controller\Arti.php ]
[ info ] [ LOG ] INIT File
---------------------------------------------------------------
[ 2018-04-30T07:28:21+08:00 ] 127.0.0.1 GET /admin/arti/imglist.html
[ info ] a.com/admin/arti/imglist.html [运行时间：0.020000s][吞吐率：50.00req/s] [内存消耗：1,281.25kb] [文件加载：31]
[ info ] [ LANG ] C:\dese001\shop2\thinkphp\lang\zh-cn.php
[ info ] [ ROUTE ] array (
  'type' => 'module',
  'module' => 
  array (
    0 => 'admin',
    1 => 'arti',
    2 => 'imglist',
  ),
)
[ info ] [ HEADER ] array (
  'host' => 'a.com',
  'user-agent' => 'Mozilla/5.0 (Windows NT 6.1; Win64; x64; rv:59.0) Gecko/20100101 Firefox/59.0',
  'accept' => 'text/html,application/xhtml+xml,application/xml;q=0.9,*/*;q=0.8',
  'accept-language' => 'zh-CN,zh;q=0.8,zh-TW;q=0.7,zh-HK;q=0.5,en-US;q=0.3,en;q=0.2',
  'accept-encoding' => 'gzip, deflate',
  'cookie' => 'pgv_pvi=6357997568; pgv_si=s3264885760',
  'connection' => 'keep-alive',
  'upgrade-insecure-requests' => '1',
  'cache-control' => 'max-age=0',
)
[ info ] [ PARAM ] array (
)
[ info ] [ RUN ] app\admin\controller\Arti->imglist[ C:\dese001\shop2\application\admin\controller\Arti.php ]
[ info ] [ LOG ] INIT File
---------------------------------------------------------------
[ 2018-04-30T07:28:21+08:00 ] 127.0.0.1 GET /admin/arti/imglist.html
[ info ] a.com/admin/arti/imglist.html [运行时间：0.020000s][吞吐率：50.00req/s] [内存消耗：1,281.25kb] [文件加载：31]
[ info ] [ LANG ] C:\dese001\shop2\thinkphp\lang\zh-cn.php
[ info ] [ ROUTE ] array (
  'type' => 'module',
  'module' => 
  array (
    0 => 'admin',
    1 => 'arti',
    2 => 'imglist',
  ),
)
[ info ] [ HEADER ] array (
  'host' => 'a.com',
  'user-agent' => 'Mozilla/5.0 (Windows NT 6.1; Win64; x64; rv:59.0) Gecko/20100101 Firefox/59.0',
  'accept' => 'text/html,application/xhtml+xml,application/xml;q=0.9,*/*;q=0.8',
  'accept-language' => 'zh-CN,zh;q=0.8,zh-TW;q=0.7,zh-HK;q=0.5,en-US;q=0.3,en;q=0.2',
  'accept-encoding' => 'gzip, deflate',
  'cookie' => 'pgv_pvi=6357997568; pgv_si=s3264885760',
  'connection' => 'keep-alive',
  'upgrade-insecure-requests' => '1',
  'cache-control' => 'max-age=0',
)
[ info ] [ PARAM ] array (
)
[ info ] [ RUN ] app\admin\controller\Arti->imglist[ C:\dese001\shop2\application\admin\controller\Arti.php ]
[ info ] [ LOG ] INIT File
---------------------------------------------------------------
[ 2018-04-30T07:28:21+08:00 ] 127.0.0.1 GET /admin/arti/imglist.html
[ info ] a.com/admin/arti/imglist.html [运行时间：0.020000s][吞吐率：50.00req/s] [内存消耗：1,281.25kb] [文件加载：31]
[ info ] [ LANG ] C:\dese001\shop2\thinkphp\lang\zh-cn.php
[ info ] [ ROUTE ] array (
  'type' => 'module',
  'module' => 
  array (
    0 => 'admin',
    1 => 'arti',
    2 => 'imglist',
  ),
)
[ info ] [ HEADER ] array (
  'host' => 'a.com',
  'user-agent' => 'Mozilla/5.0 (Windows NT 6.1; Win64; x64; rv:59.0) Gecko/20100101 Firefox/59.0',
  'accept' => 'text/html,application/xhtml+xml,application/xml;q=0.9,*/*;q=0.8',
  'accept-language' => 'zh-CN,zh;q=0.8,zh-TW;q=0.7,zh-HK;q=0.5,en-US;q=0.3,en;q=0.2',
  'accept-encoding' => 'gzip, deflate',
  'cookie' => 'pgv_pvi=6357997568; pgv_si=s3264885760',
  'connection' => 'keep-alive',
  'upgrade-insecure-requests' => '1',
  'cache-control' => 'max-age=0',
)
[ info ] [ PARAM ] array (
)
[ info ] [ RUN ] app\admin\controller\Arti->imglist[ C:\dese001\shop2\application\admin\controller\Arti.php ]
[ info ] [ LOG ] INIT File
---------------------------------------------------------------
[ 2018-04-30T07:28:21+08:00 ] 127.0.0.1 GET /admin/arti/imglist.html
[ info ] a.com/admin/arti/imglist.html [运行时间：0.020000s][吞吐率：50.00req/s] [内存消耗：1,281.25kb] [文件加载：31]
[ info ] [ LANG ] C:\dese001\shop2\thinkphp\lang\zh-cn.php
[ info ] [ ROUTE ] array (
  'type' => 'module',
  'module' => 
  array (
    0 => 'admin',
    1 => 'arti',
    2 => 'imglist',
  ),
)
[ info ] [ HEADER ] array (
  'host' => 'a.com',
  'user-agent' => 'Mozilla/5.0 (Windows NT 6.1; Win64; x64; rv:59.0) Gecko/20100101 Firefox/59.0',
  'accept' => 'text/html,application/xhtml+xml,application/xml;q=0.9,*/*;q=0.8',
  'accept-language' => 'zh-CN,zh;q=0.8,zh-TW;q=0.7,zh-HK;q=0.5,en-US;q=0.3,en;q=0.2',
  'accept-encoding' => 'gzip, deflate',
  'cookie' => 'pgv_pvi=6357997568; pgv_si=s3264885760',
  'connection' => 'keep-alive',
  'upgrade-insecure-requests' => '1',
  'cache-control' => 'max-age=0',
)
[ info ] [ PARAM ] array (
)
[ info ] [ RUN ] app\admin\controller\Arti->imglist[ C:\dese001\shop2\application\admin\controller\Arti.php ]
[ info ] [ LOG ] INIT File
---------------------------------------------------------------
[ 2018-04-30T07:28:21+08:00 ] 127.0.0.1 GET /admin/arti/imglist.html
[ info ] a.com/admin/arti/imglist.html [运行时间：0.020000s][吞吐率：50.00req/s] [内存消耗：1,281.25kb] [文件加载：31]
[ info ] [ LANG ] C:\dese001\shop2\thinkphp\lang\zh-cn.php
[ info ] [ ROUTE ] array (
  'type' => 'module',
  'module' => 
  array (
    0 => 'admin',
    1 => 'arti',
    2 => 'imglist',
  ),
)
[ info ] [ HEADER ] array (
  'host' => 'a.com',
  'user-agent' => 'Mozilla/5.0 (Windows NT 6.1; Win64; x64; rv:59.0) Gecko/20100101 Firefox/59.0',
  'accept' => 'text/html,application/xhtml+xml,application/xml;q=0.9,*/*;q=0.8',
  'accept-language' => 'zh-CN,zh;q=0.8,zh-TW;q=0.7,zh-HK;q=0.5,en-US;q=0.3,en;q=0.2',
  'accept-encoding' => 'gzip, deflate',
  'cookie' => 'pgv_pvi=6357997568; pgv_si=s3264885760',
  'connection' => 'keep-alive',
  'upgrade-insecure-requests' => '1',
  'cache-control' => 'max-age=0',
)
[ info ] [ PARAM ] array (
)
[ info ] [ RUN ] app\admin\controller\Arti->imglist[ C:\dese001\shop2\application\admin\controller\Arti.php ]
[ info ] [ LOG ] INIT File
---------------------------------------------------------------
[ 2018-04-30T07:28:21+08:00 ] 127.0.0.1 GET /admin/arti/imglist.html
[ info ] a.com/admin/arti/imglist.html [运行时间：0.020000s][吞吐率：50.00req/s] [内存消耗：1,281.25kb] [文件加载：31]
[ info ] [ LANG ] C:\dese001\shop2\thinkphp\lang\zh-cn.php
[ info ] [ ROUTE ] array (
  'type' => 'module',
  'module' => 
  array (
    0 => 'admin',
    1 => 'arti',
    2 => 'imglist',
  ),
)
[ info ] [ HEADER ] array (
  'host' => 'a.com',
  'user-agent' => 'Mozilla/5.0 (Windows NT 6.1; Win64; x64; rv:59.0) Gecko/20100101 Firefox/59.0',
  'accept' => 'text/html,application/xhtml+xml,application/xml;q=0.9,*/*;q=0.8',
  'accept-language' => 'zh-CN,zh;q=0.8,zh-TW;q=0.7,zh-HK;q=0.5,en-US;q=0.3,en;q=0.2',
  'accept-encoding' => 'gzip, deflate',
  'cookie' => 'pgv_pvi=6357997568; pgv_si=s3264885760',
  'connection' => 'keep-alive',
  'upgrade-insecure-requests' => '1',
  'cache-control' => 'max-age=0',
)
[ info ] [ PARAM ] array (
)
[ info ] [ RUN ] app\admin\controller\Arti->imglist[ C:\dese001\shop2\application\admin\controller\Arti.php ]
[ info ] [ LOG ] INIT File
---------------------------------------------------------------
[ 2018-04-30T07:28:22+08:00 ] 127.0.0.1 GET /admin/arti/imglist.html
[ info ] a.com/admin/arti/imglist.html [运行时间：0.020000s][吞吐率：50.00req/s] [内存消耗：1,281.25kb] [文件加载：31]
[ info ] [ LANG ] C:\dese001\shop2\thinkphp\lang\zh-cn.php
[ info ] [ ROUTE ] array (
  'type' => 'module',
  'module' => 
  array (
    0 => 'admin',
    1 => 'arti',
    2 => 'imglist',
  ),
)
[ info ] [ HEADER ] array (
  'host' => 'a.com',
  'user-agent' => 'Mozilla/5.0 (Windows NT 6.1; Win64; x64; rv:59.0) Gecko/20100101 Firefox/59.0',
  'accept' => 'text/html,application/xhtml+xml,application/xml;q=0.9,*/*;q=0.8',
  'accept-language' => 'zh-CN,zh;q=0.8,zh-TW;q=0.7,zh-HK;q=0.5,en-US;q=0.3,en;q=0.2',
  'accept-encoding' => 'gzip, deflate',
  'cookie' => 'pgv_pvi=6357997568; pgv_si=s3264885760',
  'connection' => 'keep-alive',
  'upgrade-insecure-requests' => '1',
  'cache-control' => 'max-age=0',
)
[ info ] [ PARAM ] array (
)
[ info ] [ RUN ] app\admin\controller\Arti->imglist[ C:\dese001\shop2\application\admin\controller\Arti.php ]
[ info ] [ LOG ] INIT File
---------------------------------------------------------------
[ 2018-04-30T07:28:22+08:00 ] 127.0.0.1 GET /admin/arti/imglist.html
[ info ] a.com/admin/arti/imglist.html [运行时间：0.020000s][吞吐率：50.00req/s] [内存消耗：1,281.25kb] [文件加载：31]
[ info ] [ LANG ] C:\dese001\shop2\thinkphp\lang\zh-cn.php
[ info ] [ ROUTE ] array (
  'type' => 'module',
  'module' => 
  array (
    0 => 'admin',
    1 => 'arti',
    2 => 'imglist',
  ),
)
[ info ] [ HEADER ] array (
  'host' => 'a.com',
  'user-agent' => 'Mozilla/5.0 (Windows NT 6.1; Win64; x64; rv:59.0) Gecko/20100101 Firefox/59.0',
  'accept' => 'text/html,application/xhtml+xml,application/xml;q=0.9,*/*;q=0.8',
  'accept-language' => 'zh-CN,zh;q=0.8,zh-TW;q=0.7,zh-HK;q=0.5,en-US;q=0.3,en;q=0.2',
  'accept-encoding' => 'gzip, deflate',
  'cookie' => 'pgv_pvi=6357997568; pgv_si=s3264885760',
  'connection' => 'keep-alive',
  'upgrade-insecure-requests' => '1',
  'cache-control' => 'max-age=0',
)
[ info ] [ PARAM ] array (
)
[ info ] [ RUN ] app\admin\controller\Arti->imglist[ C:\dese001\shop2\application\admin\controller\Arti.php ]
[ info ] [ LOG ] INIT File
---------------------------------------------------------------
[ 2018-04-30T07:28:37+08:00 ] 127.0.0.1 GET /admin/arti/imglist.html
[ info ] a.com/admin/arti/imglist.html [运行时间：0.020000s][吞吐率：50.00req/s] [内存消耗：1,370.24kb] [文件加载：36]
[ info ] [ LANG ] C:\dese001\shop2\thinkphp\lang\zh-cn.php
[ info ] [ ROUTE ] array (
  'type' => 'module',
  'module' => 
  array (
    0 => 'admin',
    1 => 'arti',
    2 => 'imglist',
  ),
)
[ info ] [ HEADER ] array (
  'host' => 'a.com',
  'user-agent' => 'Mozilla/5.0 (Windows NT 6.1; Win64; x64; rv:59.0) Gecko/20100101 Firefox/59.0',
  'accept' => 'text/html,application/xhtml+xml,application/xml;q=0.9,*/*;q=0.8',
  'accept-language' => 'zh-CN,zh;q=0.8,zh-TW;q=0.7,zh-HK;q=0.5,en-US;q=0.3,en;q=0.2',
  'accept-encoding' => 'gzip, deflate',
  'cookie' => 'pgv_pvi=6357997568; pgv_si=s3264885760',
  'connection' => 'keep-alive',
  'upgrade-insecure-requests' => '1',
  'cache-control' => 'max-age=0',
)
[ info ] [ PARAM ] array (
)
[ info ] [ RUN ] app\admin\controller\Arti->imglist[ C:\dese001\shop2\application\admin\controller\Arti.php ]
[ info ] [ LOG ] INIT File
[ error ] [2]scandir(C:\dese001\shop2\public/../static/ueditor,C:\dese001\shop2\public/../static/ueditor): [C:\dese001\shop2\application\common.php:17]
---------------------------------------------------------------
[ 2018-04-30T07:34:42+08:00 ] 127.0.0.1 GET /admin/arti/imglist.html
[ info ] a.com/admin/arti/imglist.html [运行时间：0.025000s][吞吐率：40.00req/s] [内存消耗：1,578.53kb] [文件加载：37]
[ info ] [ LANG ] C:\dese001\shop2\thinkphp\lang\zh-cn.php
[ info ] [ ROUTE ] array (
  'type' => 'module',
  'module' => 
  array (
    0 => 'admin',
    1 => 'arti',
    2 => 'imglist',
  ),
)
[ info ] [ HEADER ] array (
  'host' => 'a.com',
  'user-agent' => 'Mozilla/5.0 (Windows NT 6.1; Win64; x64; rv:59.0) Gecko/20100101 Firefox/59.0',
  'accept' => 'text/html,application/xhtml+xml,application/xml;q=0.9,*/*;q=0.8',
  'accept-language' => 'zh-CN,zh;q=0.8,zh-TW;q=0.7,zh-HK;q=0.5,en-US;q=0.3,en;q=0.2',
  'accept-encoding' => 'gzip, deflate',
  'cookie' => 'pgv_pvi=6357997568; pgv_si=s3264885760',
  'connection' => 'keep-alive',
  'upgrade-insecure-requests' => '1',
  'cache-control' => 'max-age=0',
)
[ info ] [ PARAM ] array (
)
[ info ] [ RUN ] app\admin\controller\Arti->imglist[ C:\dese001\shop2\application\admin\controller\Arti.php ]
[ info ] [ VIEW ] C:\dese001\shop2\public/../application/admin\view\arti\imglist.html [ array (
  0 => 'imglist',
) ]
[ info ] [ LOG ] INIT File
---------------------------------------------------------------
[ 2018-04-30T07:34:43+08:00 ] 127.0.0.1 GET /static/admin/fonts/fontawesome-webfont.woff2?v=4.3.0
[ info ] a.com/static/admin/fonts/fontawesome-webfont.woff2?v=4.3.0 [运行时间：0.018000s][吞吐率：55.56req/s] [内存消耗：1,050.90kb] [文件加载：28]
[ info ] [ LANG ] C:\dese001\shop2\thinkphp\lang\zh-cn.php
[ info ] [ ROUTE ] array (
  'type' => 'module',
  'module' => 
  array (
    0 => 'static',
    1 => 'admin',
    2 => 'fonts',
  ),
)
[ info ] [ HEADER ] array (
  'host' => 'a.com',
  'user-agent' => 'Mozilla/5.0 (Windows NT 6.1; Win64; x64; rv:59.0) Gecko/20100101 Firefox/59.0',
  'accept' => 'application/font-woff2;q=1.0,application/font-woff;q=0.9,*/*;q=0.8',
  'accept-language' => 'zh-CN,zh;q=0.8,zh-TW;q=0.7,zh-HK;q=0.5,en-US;q=0.3,en;q=0.2',
  'accept-encoding' => 'identity',
  'referer' => 'http://a.com/static/admin/style/font-awesome.css',
  'cookie' => 'pgv_pvi=6357997568; pgv_si=s3264885760',
  'connection' => 'keep-alive',
  'cache-control' => 'max-age=0',
)
[ info ] [ PARAM ] array (
  'v' => '4.3.0',
)
[ info ] [ LOG ] INIT File
---------------------------------------------------------------
[ 2018-04-30T07:34:45+08:00 ] 127.0.0.1 GET /static/admin/style/jquery.slimscroll.min.js.map
[ info ] a.com/static/admin/style/jquery.slimscroll.min.js.map [运行时间：0.018000s][吞吐率：55.56req/s] [内存消耗：1,049.82kb] [文件加载：28]
[ info ] [ LANG ] C:\dese001\shop2\thinkphp\lang\zh-cn.php
[ info ] [ ROUTE ] array (
  'type' => 'module',
  'module' => 
  array (
    0 => 'static',
    1 => 'admin',
    2 => 'style',
  ),
)
[ info ] [ HEADER ] array (
  'host' => 'a.com',
  'user-agent' => 'Mozilla/5.0 (Windows NT 6.1; Win64; x64; rv:59.0) Gecko/20100101 Firefox/59.0',
  'accept' => '*/*',
  'accept-language' => 'zh-CN,zh;q=0.8,zh-TW;q=0.7,zh-HK;q=0.5,en-US;q=0.3,en;q=0.2',
  'accept-encoding' => 'gzip, deflate',
  'origin' => 'null',
  'connection' => 'keep-alive',
  'cache-control' => 'max-age=0',
)
[ info ] [ PARAM ] array (
)
[ info ] [ LOG ] INIT File
---------------------------------------------------------------
[ 2018-04-30T07:34:47+08:00 ] 127.0.0.1 POST /admin/arti/delimg.html
[ info ] a.com/admin/arti/delimg.html [运行时间：0.020000s][吞吐率：50.00req/s] [内存消耗：1,246.26kb] [文件加载：30]
[ info ] [ LANG ] C:\dese001\shop2\thinkphp\lang\zh-cn.php
[ info ] [ ROUTE ] array (
  'type' => 'module',
  'module' => 
  array (
    0 => 'admin',
    1 => 'arti',
    2 => 'delimg',
  ),
)
[ info ] [ HEADER ] array (
  'host' => 'a.com',
  'user-agent' => 'Mozilla/5.0 (Windows NT 6.1; Win64; x64; rv:59.0) Gecko/20100101 Firefox/59.0',
  'accept' => 'application/json, text/javascript, */*; q=0.01',
  'accept-language' => 'zh-CN,zh;q=0.8,zh-TW;q=0.7,zh-HK;q=0.5,en-US;q=0.3,en;q=0.2',
  'accept-encoding' => 'gzip, deflate',
  'referer' => 'http://a.com/admin/arti/imglist.html',
  'content-type' => 'application/x-www-form-urlencoded; charset=UTF-8',
  'x-requested-with' => 'XMLHttpRequest',
  'content-length' => '68',
  'cookie' => 'pgv_pvi=6357997568; pgv_si=s3264885760',
  'connection' => 'keep-alive',
)
[ info ] [ PARAM ] array (
  'imgscr' => '/static/ueditor/image/20180430/1525043775404541.jpg',
)
[ info ] [ RUN ] app\admin\controller\Arti->delimg[ C:\dese001\shop2\application\admin\controller\Arti.php ]
[ info ] [ LOG ] INIT File
---------------------------------------------------------------
[ 2018-04-30T07:34:59+08:00 ] 127.0.0.1 GET /admin/arti/imglist
[ info ] a.com/admin/arti/imglist [运行时间：0.020000s][吞吐率：50.00req/s] [内存消耗：1,419.32kb] [文件加载：35]
[ info ] [ LANG ] C:\dese001\shop2\thinkphp\lang\zh-cn.php
[ info ] [ ROUTE ] array (
  'type' => 'module',
  'module' => 
  array (
    0 => 'admin',
    1 => 'arti',
    2 => 'imglist',
  ),
)
[ info ] [ HEADER ] array (
  'host' => 'a.com',
  'user-agent' => 'Mozilla/5.0 (Windows NT 6.1; Win64; x64; rv:59.0) Gecko/20100101 Firefox/59.0',
  'accept' => 'text/html,application/xhtml+xml,application/xml;q=0.9,*/*;q=0.8',
  'accept-language' => 'zh-CN,zh;q=0.8,zh-TW;q=0.7,zh-HK;q=0.5,en-US;q=0.3,en;q=0.2',
  'accept-encoding' => 'gzip, deflate',
  'cookie' => 'pgv_pvi=6357997568; pgv_si=s3264885760',
  'connection' => 'keep-alive',
  'upgrade-insecure-requests' => '1',
  'cache-control' => 'max-age=0',
)
[ info ] [ PARAM ] array (
)
[ info ] [ RUN ] app\admin\controller\Arti->imglist[ C:\dese001\shop2\application\admin\controller\Arti.php ]
[ info ] [ VIEW ] C:\dese001\shop2\public/../application/admin\view\arti\imglist.html [ array (
  0 => 'imglist',
) ]
[ info ] [ LOG ] INIT File
---------------------------------------------------------------
[ 2018-04-30T07:34:59+08:00 ] 127.0.0.1 GET /static/admin/fonts/fontawesome-webfont.woff2?v=4.3.0
[ info ] a.com/static/admin/fonts/fontawesome-webfont.woff2?v=4.3.0 [运行时间：0.018000s][吞吐率：55.56req/s] [内存消耗：1,050.90kb] [文件加载：28]
[ info ] [ LANG ] C:\dese001\shop2\thinkphp\lang\zh-cn.php
[ info ] [ ROUTE ] array (
  'type' => 'module',
  'module' => 
  array (
    0 => 'static',
    1 => 'admin',
    2 => 'fonts',
  ),
)
[ info ] [ HEADER ] array (
  'host' => 'a.com',
  'user-agent' => 'Mozilla/5.0 (Windows NT 6.1; Win64; x64; rv:59.0) Gecko/20100101 Firefox/59.0',
  'accept' => 'application/font-woff2;q=1.0,application/font-woff;q=0.9,*/*;q=0.8',
  'accept-language' => 'zh-CN,zh;q=0.8,zh-TW;q=0.7,zh-HK;q=0.5,en-US;q=0.3,en;q=0.2',
  'accept-encoding' => 'identity',
  'referer' => 'http://a.com/static/admin/style/font-awesome.css',
  'cookie' => 'pgv_pvi=6357997568; pgv_si=s3264885760',
  'connection' => 'keep-alive',
  'cache-control' => 'max-age=0',
)
[ info ] [ PARAM ] array (
  'v' => '4.3.0',
)
[ info ] [ LOG ] INIT File
